<?xml version="1.0" encoding="UTF-8"?>
<!-- Generated by org.testng.reporters.JUnitReportReporter -->
<testsuite skipped="2" hostname="RajsMacBook-Pro.local" name="AndroidBasicInteractionsTest" tests="3" failures="0" timestamp="03 Apr 2019 02:06:53 GMT" time="0.011" errors="1">
  <testcase name="globalSetup" time="0.011" classname="AndroidBasicInteractionsTest">
    <error type="java.lang.NoClassDefFoundError" message="org/slf4j/LoggerFactory">
      <![CDATA[java.lang.NoClassDefFoundError: org/slf4j/LoggerFactory
at io.appium.java_client.service.local.AppiumDriverLocalService.<clinit>(AppiumDriverLocalService.java:54)
at BaseTest.globalSetup(BaseTest.java:13)
at sun.reflect.NativeMethodAccessorImpl.invoke0(Native Method)
at sun.reflect.NativeMethodAccessorImpl.invoke(NativeMethodAccessorImpl.java:62)
at sun.reflect.DelegatingMethodAccessorImpl.invoke(DelegatingMethodAccessorImpl.java:43)
at java.lang.reflect.Method.invoke(Method.java:498)
at org.testng.internal.MethodInvocationHelper.invokeMethod(MethodInvocationHelper.java:124)
at org.testng.internal.MethodInvocationHelper.invokeMethodConsideringTimeout(MethodInvocationHelper.java:59)
at org.testng.internal.Invoker.invokeConfigurationMethod(Invoker.java:458)
at org.testng.internal.Invoker.invokeConfigurations(Invoker.java:222)
at org.testng.internal.Invoker.invokeConfigurations(Invoker.java:142)
at org.testng.SuiteRunner.privateRun(SuiteRunner.java:401)
at org.testng.SuiteRunner.run(SuiteRunner.java:364)
at org.testng.SuiteRunnerWorker.runSuite(SuiteRunnerWorker.java:52)
at org.testng.SuiteRunnerWorker.run(SuiteRunnerWorker.java:84)
at org.testng.TestNG.runSuitesSequentially(TestNG.java:1208)
at org.testng.TestNG.runSuitesLocally(TestNG.java:1137)
at org.testng.TestNG.runSuites(TestNG.java:1049)
at org.testng.TestNG.run(TestNG.java:1017)
at org.testng.remote.AbstractRemoteTestNG.run(AbstractRemoteTestNG.java:115)
at org.testng.remote.RemoteTestNG.initAndRun(RemoteTestNG.java:251)
at org.testng.remote.RemoteTestNG.main(RemoteTestNG.java:77)
Caused by: java.lang.ClassNotFoundException: org.slf4j.LoggerFactory
at java.net.URLClassLoader.findClass(URLClassLoader.java:382)
at java.lang.ClassLoader.loadClass(ClassLoader.java:424)
at sun.misc.Launcher$AppClassLoader.loadClass(Launcher.java:349)
at java.lang.ClassLoader.loadClass(ClassLoader.java:357)
... 22 more
]]>
    </error>
  </testcase> <!-- globalSetup -->
  <testcase name="testOpensAlert" time="0.000" classname="AndroidBasicInteractionsTest">
    <skipped/>
  </testcase> <!-- testOpensAlert -->
  <testcase name="testSendKeys" time="0.000" classname="AndroidBasicInteractionsTest">
    <skipped/>
  </testcase> <!-- testSendKeys -->
</testsuite> <!-- AndroidBasicInteractionsTest -->
